<?xml version="1.0" encoding="UTF-8"?>
<!-- Generated by org.testng.reporters.JUnitXMLReporter -->
<testsuite hostname="qtlsys0-105pc" ignored="22" name="Default test" tests="1" failures="1" timestamp="05 Feb 2019 07:11:09 GMT" time="11.847" errors="0">
  <testcase name="borrowregNewloan" time="6.794" classname="LendNation.QC_LendNation.QC_Store">
    <failure type="org.openqa.selenium.StaleElementReferenceException" message="Element is no longer valid (WARNING: The server did not provide any stacktrace information)
Command duration or timeout: 0 milliseconds
For documentation on this error, please visit: http://seleniumhq.org/exceptions/stale_element_reference.html
Build info: version: &amp;apos;3.14.0&amp;apos;, revision: &amp;apos;aacccce0&amp;apos;, time: &amp;apos;2018-08-02T20:19:58.91Z&amp;apos;
System info: host: &amp;apos;QTLSYS0-105PC&amp;apos;, ip: &amp;apos;192.168.0.105&amp;apos;, os.name: &amp;apos;Windows 10&amp;apos;, os.arch: &amp;apos;amd64&amp;apos;, os.version: &amp;apos;10.0&amp;apos;, java.version: &amp;apos;1.8.0_171&amp;apos;
Driver info: org.openqa.selenium.ie.InternetExplorerDriver
Capabilities {browserAttachTimeout: 0, browserName: internet explorer, cssSelectorsEnabled: true, elementScrollBehavior: 0, enableElementCacheCleanup: true, enablePersistentHover: true, handlesAlerts: true, ie.browserCommandLineSwitches: , ie.ensureCleanSession: false, ie.forceCreateProcessApi: false, ie.usePerProcessProxy: false, ignoreProtectedModeSettings: false, ignoreZoomSetting: false, initialBrowserUrl: http://localhost:9208/, javascriptEnabled: true, nativeEvents: true, platform: WINDOWS, platformName: WINDOWS, requireWindowFocus: false, takesScreenshot: true, unexpectedAlertBehaviour: dismiss, unhandledPromptBehavior: dismiss, version: 11}
Session ID: 2d0991b5-9468-4cfa-ab96-12becd628cb0">
      <![CDATA[org.openqa.selenium.StaleElementReferenceException: Element is no longer valid (WARNING: The server did not provide any stacktrace information)
Command duration or timeout: 0 milliseconds
For documentation on this error, please visit: http://seleniumhq.org/exceptions/stale_element_reference.html
Build info: version: '3.14.0', revision: 'aacccce0', time: '2018-08-02T20:19:58.91Z'
System info: host: 'QTLSYS0-105PC', ip: '192.168.0.105', os.name: 'Windows 10', os.arch: 'amd64', os.version: '10.0', java.version: '1.8.0_171'
Driver info: org.openqa.selenium.ie.InternetExplorerDriver
Capabilities {browserAttachTimeout: 0, browserName: internet explorer, cssSelectorsEnabled: true, elementScrollBehavior: 0, enableElementCacheCleanup: true, enablePersistentHover: true, handlesAlerts: true, ie.browserCommandLineSwitches: , ie.ensureCleanSession: false, ie.forceCreateProcessApi: false, ie.usePerProcessProxy: false, ignoreProtectedModeSettings: false, ignoreZoomSetting: false, initialBrowserUrl: http://localhost:9208/, javascriptEnabled: true, nativeEvents: true, platform: WINDOWS, platformName: WINDOWS, requireWindowFocus: false, takesScreenshot: true, unexpectedAlertBehaviour: dismiss, unhandledPromptBehavior: dismiss, version: 11}
Session ID: 2d0991b5-9468-4cfa-ab96-12becd628cb0
at sun.reflect.NativeConstructorAccessorImpl.newInstance0(Native Method)
at sun.reflect.NativeConstructorAccessorImpl.newInstance(NativeConstructorAccessorImpl.java:62)
at sun.reflect.DelegatingConstructorAccessorImpl.newInstance(DelegatingConstructorAccessorImpl.java:45)
at java.lang.reflect.Constructor.newInstance(Constructor.java:423)
at org.openqa.selenium.remote.ErrorHandler.createThrowable(ErrorHandler.java:214)
at org.openqa.selenium.remote.ErrorHandler.throwIfResponseFailed(ErrorHandler.java:166)
at org.openqa.selenium.remote.http.JsonHttpResponseCodec.reconstructValue(JsonHttpResponseCodec.java:40)
at org.openqa.selenium.remote.http.AbstractHttpResponseCodec.decode(AbstractHttpResponseCodec.java:80)
at org.openqa.selenium.remote.http.AbstractHttpResponseCodec.decode(AbstractHttpResponseCodec.java:44)
at org.openqa.selenium.remote.HttpCommandExecutor.execute(HttpCommandExecutor.java:158)
at org.openqa.selenium.remote.service.DriverCommandExecutor.execute(DriverCommandExecutor.java:83)
at org.openqa.selenium.remote.RemoteWebDriver.execute(RemoteWebDriver.java:548)
at org.openqa.selenium.remote.RemoteWebElement.execute(RemoteWebElement.java:276)
at org.openqa.selenium.remote.RemoteWebElement.getText(RemoteWebElement.java:160)
at LendNation.QC_LendNation.CSRBorrowerRegistration.borrowerReg(CSRBorrowerRegistration.java:106)
at LendNation.QC_LendNation.QC_Store.borrowregNewloan(QC_Store.java:418)
at sun.reflect.NativeMethodAccessorImpl.invoke0(Native Method)
at sun.reflect.NativeMethodAccessorImpl.invoke(NativeMethodAccessorImpl.java:62)
at sun.reflect.DelegatingMethodAccessorImpl.invoke(DelegatingMethodAccessorImpl.java:43)
at java.lang.reflect.Method.invoke(Method.java:498)
at org.testng.internal.MethodInvocationHelper.invokeMethod(MethodInvocationHelper.java:124)
at org.testng.internal.Invoker.invokeMethod(Invoker.java:580)
at org.testng.internal.Invoker.invokeTestMethod(Invoker.java:716)
at org.testng.internal.Invoker.invokeTestMethods(Invoker.java:988)
at org.testng.internal.TestMethodWorker.invokeTestMethods(TestMethodWorker.java:125)
at org.testng.internal.TestMethodWorker.run(TestMethodWorker.java:109)
at org.testng.TestRunner.privateRun(TestRunner.java:648)
at org.testng.TestRunner.run(TestRunner.java:505)
at org.testng.SuiteRunner.runTest(SuiteRunner.java:455)
at org.testng.SuiteRunner.runSequentially(SuiteRunner.java:450)
at org.testng.SuiteRunner.privateRun(SuiteRunner.java:415)
at org.testng.SuiteRunner.run(SuiteRunner.java:364)
at org.testng.SuiteRunnerWorker.runSuite(SuiteRunnerWorker.java:52)
at org.testng.SuiteRunnerWorker.run(SuiteRunnerWorker.java:84)
at org.testng.TestNG.runSuitesSequentially(TestNG.java:1208)
at org.testng.TestNG.runSuitesLocally(TestNG.java:1137)
at org.testng.TestNG.runSuites(TestNG.java:1049)
at org.testng.TestNG.run(TestNG.java:1017)
at org.testng.remote.AbstractRemoteTestNG.run(AbstractRemoteTestNG.java:114)
at org.testng.remote.RemoteTestNG.initAndRun(RemoteTestNG.java:251)
at org.testng.remote.RemoteTestNG.main(RemoteTestNG.java:77)
]]>
    </failure>
  </testcase> <!-- borrowregNewloan -->
  <testcase name="Achdeposit" time="0.0" classname="LendNation.QC_LendNation.QC_Store">
    <ignored/>
  </testcase> <!-- Achdeposit -->
  <testcase name="rebateStepup" time="0.0" classname="LendNation.QC_LendNation.QC_Store">
    <ignored/>
  </testcase> <!-- rebateStepup -->
  <testcase name="QC_EPP_Prepayment" time="0.0" classname="LendNation.QC_LendNation.QC_Store">
    <ignored/>
  </testcase> <!-- QC_EPP_Prepayment -->
  <testcase name="agerescindtest" time="0.0" classname="LendNation.QC_LendNation.QC_Store">
    <ignored/>
  </testcase> <!-- agerescindtest -->
  <testcase name="QC_EPP_Redeposit" time="0.0" classname="LendNation.QC_LendNation.QC_Store">
    <ignored/>
  </testcase> <!-- QC_EPP_Redeposit -->
  <testcase name="RefinanceStepSame" time="0.0" classname="LendNation.QC_LendNation.QC_Store">
    <ignored/>
  </testcase> <!-- RefinanceStepSame -->
  <testcase name="QC_EPPDeposit" time="0.0" classname="LendNation.QC_LendNation.QC_Store">
    <ignored/>
  </testcase> <!-- QC_EPPDeposit -->
  <testcase name="QC_EPP_Return" time="0.0" classname="LendNation.QC_LendNation.QC_Store">
    <ignored/>
  </testcase> <!-- QC_EPP_Return -->
  <testcase name="maxloanCount" time="0.0" classname="LendNation.QC_LendNation.QC_Store">
    <ignored/>
  </testcase> <!-- maxloanCount -->
  <testcase name="rebateStepupVoid" time="0.0" classname="LendNation.QC_LendNation.QC_Store">
    <ignored/>
  </testcase> <!-- rebateStepupVoid -->
  <testcase name="RefinanceStepup" time="0.0" classname="LendNation.QC_LendNation.QC_Store">
    <ignored/>
  </testcase> <!-- RefinanceStepup -->
  <testcase name="QC_EPP_clear" time="0.0" classname="LendNation.QC_LendNation.QC_Store">
    <ignored/>
  </testcase> <!-- QC_EPP_clear -->
  <testcase name="rescindloan" time="0.0" classname="LendNation.QC_LendNation.QC_Store">
    <ignored/>
  </testcase> <!-- rescindloan -->
  <testcase name="GracedaysMiddayDeposit" time="0.0" classname="LendNation.QC_LendNation.QC_Store">
    <ignored/>
  </testcase> <!-- GracedaysMiddayDeposit -->
  <testcase name="RefinanceStepupVoid" time="0.0" classname="LendNation.QC_LendNation.QC_Store">
    <ignored/>
  </testcase> <!-- RefinanceStepupVoid -->
  <testcase name="QC_EPP_refund" time="0.0" classname="LendNation.QC_LendNation.QC_Store">
    <ignored/>
  </testcase> <!-- QC_EPP_refund -->
  <testcase name="QC_EPP_nsfPayment" time="0.0" classname="LendNation.QC_LendNation.QC_Store">
    <ignored/>
  </testcase> <!-- QC_EPP_nsfPayment -->
  <testcase name="RefinanceStepSameVoid" time="0.0" classname="LendNation.QC_LendNation.QC_Store">
    <ignored/>
  </testcase> <!-- RefinanceStepSameVoid -->
  <testcase name="futureMidayDeposit" time="0.0" classname="LendNation.QC_LendNation.QC_Store">
    <ignored/>
  </testcase> <!-- futureMidayDeposit -->
  <testcase name="GracedaysDepositMenu" time="0.0" classname="LendNation.QC_LendNation.QC_Store">
    <ignored/>
  </testcase> <!-- GracedaysDepositMenu -->
  <testcase name="inactiveNewloan" time="0.0" classname="LendNation.QC_LendNation.QC_Store">
    <ignored/>
  </testcase> <!-- inactiveNewloan -->
  <testcase name="middayDeposit" time="0.0" classname="LendNation.QC_LendNation.QC_Store">
    <ignored/>
  </testcase> <!-- middayDeposit -->
</testsuite> <!-- Default test -->
