<?xml version="1.0" encoding="UTF-8"?>
<!-- Generated by org.testng.reporters.JUnitXMLReporter -->
<testsuite hostname="QTLSYS2-48" ignored="0" name="Test" tests="23" failures="1" timestamp="05 Dec 2018 12:59:43 GMT" time="6.39" errors="0">
  <testcase name="@AfterMethod getResult" time="0.016" classname="LendNation.QC_LendNation.QC_Store">
    <failure type="org.openqa.selenium.NoSuchWindowException" message="Unable to get browser (WARNING: The server did not provide any stacktrace information)
Command duration or timeout: 0 milliseconds
Build info: version: &amp;apos;3.14.0&amp;apos;, revision: &amp;apos;aacccce0&amp;apos;, time: &amp;apos;2018-08-02T20:19:58.91Z&amp;apos;
System info: host: &amp;apos;QTLSYS2-48&amp;apos;, ip: &amp;apos;192.168.2.48&amp;apos;, os.name: &amp;apos;Windows 7&amp;apos;, os.arch: &amp;apos;amd64&amp;apos;, os.version: &amp;apos;6.1&amp;apos;, java.version: &amp;apos;1.8.0_171&amp;apos;
Driver info: org.openqa.selenium.ie.InternetExplorerDriver
Capabilities {browserAttachTimeout: 0, browserName: internet explorer, cssSelectorsEnabled: true, elementScrollBehavior: 0, enableElementCacheCleanup: true, enablePersistentHover: true, handlesAlerts: true, ie.browserCommandLineSwitches: , ie.ensureCleanSession: false, ie.forceCreateProcessApi: false, ie.usePerProcessProxy: false, ignoreProtectedModeSettings: false, ignoreZoomSetting: false, initialBrowserUrl: http://localhost:44893/, javascriptEnabled: true, nativeEvents: true, platform: WINDOWS, platformName: WINDOWS, requireWindowFocus: false, takesScreenshot: true, unexpectedAlertBehaviour: dismiss, unhandledPromptBehavior: dismiss, version: 10}
Session ID: 185be029-2358-42cb-9399-e814b5471e09">
      <![CDATA[org.openqa.selenium.NoSuchWindowException: Unable to get browser (WARNING: The server did not provide any stacktrace information)
Command duration or timeout: 0 milliseconds
Build info: version: '3.14.0', revision: 'aacccce0', time: '2018-08-02T20:19:58.91Z'
System info: host: 'QTLSYS2-48', ip: '192.168.2.48', os.name: 'Windows 7', os.arch: 'amd64', os.version: '6.1', java.version: '1.8.0_171'
Driver info: org.openqa.selenium.ie.InternetExplorerDriver
Capabilities {browserAttachTimeout: 0, browserName: internet explorer, cssSelectorsEnabled: true, elementScrollBehavior: 0, enableElementCacheCleanup: true, enablePersistentHover: true, handlesAlerts: true, ie.browserCommandLineSwitches: , ie.ensureCleanSession: false, ie.forceCreateProcessApi: false, ie.usePerProcessProxy: false, ignoreProtectedModeSettings: false, ignoreZoomSetting: false, initialBrowserUrl: http://localhost:44893/, javascriptEnabled: true, nativeEvents: true, platform: WINDOWS, platformName: WINDOWS, requireWindowFocus: false, takesScreenshot: true, unexpectedAlertBehaviour: dismiss, unhandledPromptBehavior: dismiss, version: 10}
Session ID: 185be029-2358-42cb-9399-e814b5471e09
at org.openqa.selenium.remote.ErrorHandler.createThrowable(ErrorHandler.java:214)
at org.openqa.selenium.remote.ErrorHandler.throwIfResponseFailed(ErrorHandler.java:166)
at org.openqa.selenium.remote.http.JsonHttpResponseCodec.reconstructValue(JsonHttpResponseCodec.java:40)
at org.openqa.selenium.remote.http.AbstractHttpResponseCodec.decode(AbstractHttpResponseCodec.java:80)
at org.openqa.selenium.remote.http.AbstractHttpResponseCodec.decode(AbstractHttpResponseCodec.java:44)
at org.openqa.selenium.remote.HttpCommandExecutor.execute(HttpCommandExecutor.java:158)
at org.openqa.selenium.remote.service.DriverCommandExecutor.execute(DriverCommandExecutor.java:83)
at org.openqa.selenium.remote.RemoteWebDriver.execute(RemoteWebDriver.java:548)
at org.openqa.selenium.remote.RemoteWebDriver.execute(RemoteWebDriver.java:605)
at org.openqa.selenium.remote.RemoteWebDriver.getScreenshotAs(RemoteWebDriver.java:294)
at LendNation.QC_LendNation.TestBase.getScreenhot(TestBase.java:97)
at LendNation.QC_LendNation.QC_Store.getResult(QC_Store.java:990)
... Removed 32 stack frames]]>
    </failure>
  </testcase> <!-- @AfterMethod getResult -->
  <testcase name="@AfterMethod getResult" time="0.0" classname="LendNation.QC_LendNation.QC_Store">
    <skipped/>
  </testcase> <!-- @AfterMethod getResult -->
  <testcase name="@AfterMethod getResult" time="0.0" classname="LendNation.QC_LendNation.QC_Store">
    <skipped/>
  </testcase> <!-- @AfterMethod getResult -->
  <testcase name="@AfterMethod getResult" time="0.0" classname="LendNation.QC_LendNation.QC_Store">
    <skipped/>
  </testcase> <!-- @AfterMethod getResult -->
  <testcase name="@AfterMethod getResult" time="0.0" classname="LendNation.QC_LendNation.QC_Store">
    <skipped/>
  </testcase> <!-- @AfterMethod getResult -->
  <testcase name="@AfterMethod getResult" time="0.0" classname="LendNation.QC_LendNation.QC_Store">
    <skipped/>
  </testcase> <!-- @AfterMethod getResult -->
  <testcase name="@AfterMethod getResult" time="0.0" classname="LendNation.QC_LendNation.QC_Store">
    <skipped/>
  </testcase> <!-- @AfterMethod getResult -->
  <testcase name="@AfterMethod getResult" time="0.0" classname="LendNation.QC_LendNation.QC_Store">
    <skipped/>
  </testcase> <!-- @AfterMethod getResult -->
  <testcase name="@AfterMethod getResult" time="0.0" classname="LendNation.QC_LendNation.QC_Store">
    <skipped/>
  </testcase> <!-- @AfterMethod getResult -->
  <testcase name="@AfterMethod getResult" time="0.0" classname="LendNation.QC_LendNation.QC_Store">
    <skipped/>
  </testcase> <!-- @AfterMethod getResult -->
  <testcase name="@AfterMethod getResult" time="0.0" classname="LendNation.QC_LendNation.QC_Store">
    <skipped/>
  </testcase> <!-- @AfterMethod getResult -->
  <testcase name="@AfterMethod getResult" time="0.0" classname="LendNation.QC_LendNation.QC_Store">
    <skipped/>
  </testcase> <!-- @AfterMethod getResult -->
  <testcase name="@AfterMethod getResult" time="0.0" classname="LendNation.QC_LendNation.QC_Store">
    <skipped/>
  </testcase> <!-- @AfterMethod getResult -->
  <testcase name="@AfterMethod getResult" time="0.0" classname="LendNation.QC_LendNation.QC_Store">
    <skipped/>
  </testcase> <!-- @AfterMethod getResult -->
  <testcase name="@AfterMethod getResult" time="0.0" classname="LendNation.QC_LendNation.QC_Store">
    <skipped/>
  </testcase> <!-- @AfterMethod getResult -->
  <testcase name="@AfterMethod getResult" time="0.0" classname="LendNation.QC_LendNation.QC_Store">
    <skipped/>
  </testcase> <!-- @AfterMethod getResult -->
  <testcase name="@AfterMethod getResult" time="0.0" classname="LendNation.QC_LendNation.QC_Store">
    <skipped/>
  </testcase> <!-- @AfterMethod getResult -->
  <testcase name="@AfterMethod getResult" time="0.0" classname="LendNation.QC_LendNation.QC_Store">
    <skipped/>
  </testcase> <!-- @AfterMethod getResult -->
  <testcase name="@AfterMethod getResult" time="0.0" classname="LendNation.QC_LendNation.QC_Store">
    <skipped/>
  </testcase> <!-- @AfterMethod getResult -->
  <testcase name="@AfterMethod getResult" time="0.0" classname="LendNation.QC_LendNation.QC_Store">
    <skipped/>
  </testcase> <!-- @AfterMethod getResult -->
  <testcase name="@AfterMethod getResult" time="0.0" classname="LendNation.QC_LendNation.QC_Store">
    <skipped/>
  </testcase> <!-- @AfterMethod getResult -->
  <testcase name="@AfterMethod getResult" time="0.0" classname="LendNation.QC_LendNation.QC_Store">
    <skipped/>
  </testcase> <!-- @AfterMethod getResult -->
  <testcase name="@AfterMethod getResult" time="0.0" classname="LendNation.QC_LendNation.QC_Store">
    <skipped/>
  </testcase> <!-- @AfterMethod getResult -->
  <testcase name="@AfterTest endReport" time="0.0" classname="LendNation.QC_LendNation.QC_Store">
    <skipped/>
  </testcase> <!-- @AfterTest endReport -->
  <testcase name="middayDeposit" time="3.326" classname="LendNation.QC_LendNation.QC_Store">
    <failure type="org.openqa.selenium.NoSuchWindowException" message="Unable to find elements on closed window (WARNING: The server did not provide any stacktrace information)
Command duration or timeout: 0 milliseconds
Build info: version: &amp;apos;3.14.0&amp;apos;, revision: &amp;apos;aacccce0&amp;apos;, time: &amp;apos;2018-08-02T20:19:58.91Z&amp;apos;
System info: host: &amp;apos;QTLSYS2-48&amp;apos;, ip: &amp;apos;192.168.2.48&amp;apos;, os.name: &amp;apos;Windows 7&amp;apos;, os.arch: &amp;apos;amd64&amp;apos;, os.version: &amp;apos;6.1&amp;apos;, java.version: &amp;apos;1.8.0_171&amp;apos;
Driver info: org.openqa.selenium.ie.InternetExplorerDriver
Capabilities {browserAttachTimeout: 0, browserName: internet explorer, cssSelectorsEnabled: true, elementScrollBehavior: 0, enableElementCacheCleanup: true, enablePersistentHover: true, handlesAlerts: true, ie.browserCommandLineSwitches: , ie.ensureCleanSession: false, ie.forceCreateProcessApi: false, ie.usePerProcessProxy: false, ignoreProtectedModeSettings: false, ignoreZoomSetting: false, initialBrowserUrl: http://localhost:44893/, javascriptEnabled: true, nativeEvents: true, platform: WINDOWS, platformName: WINDOWS, requireWindowFocus: false, takesScreenshot: true, unexpectedAlertBehaviour: dismiss, unhandledPromptBehavior: dismiss, version: 10}
Session ID: 185be029-2358-42cb-9399-e814b5471e09
*** Element info: {Using=css selector, value=frame[name=&amp;apos;bottom&amp;apos;],iframe[name=&amp;apos;bottom&amp;apos;]}">
      <![CDATA[org.openqa.selenium.NoSuchWindowException: Unable to find elements on closed window (WARNING: The server did not provide any stacktrace information)
Command duration or timeout: 0 milliseconds
Build info: version: '3.14.0', revision: 'aacccce0', time: '2018-08-02T20:19:58.91Z'
System info: host: 'QTLSYS2-48', ip: '192.168.2.48', os.name: 'Windows 7', os.arch: 'amd64', os.version: '6.1', java.version: '1.8.0_171'
Driver info: org.openqa.selenium.ie.InternetExplorerDriver
Capabilities {browserAttachTimeout: 0, browserName: internet explorer, cssSelectorsEnabled: true, elementScrollBehavior: 0, enableElementCacheCleanup: true, enablePersistentHover: true, handlesAlerts: true, ie.browserCommandLineSwitches: , ie.ensureCleanSession: false, ie.forceCreateProcessApi: false, ie.usePerProcessProxy: false, ignoreProtectedModeSettings: false, ignoreZoomSetting: false, initialBrowserUrl: http://localhost:44893/, javascriptEnabled: true, nativeEvents: true, platform: WINDOWS, platformName: WINDOWS, requireWindowFocus: false, takesScreenshot: true, unexpectedAlertBehaviour: dismiss, unhandledPromptBehavior: dismiss, version: 10}
Session ID: 185be029-2358-42cb-9399-e814b5471e09
*** Element info: {Using=css selector, value=frame[name='bottom'],iframe[name='bottom']}
at org.openqa.selenium.remote.ErrorHandler.createThrowable(ErrorHandler.java:214)
at org.openqa.selenium.remote.ErrorHandler.throwIfResponseFailed(ErrorHandler.java:166)
at org.openqa.selenium.remote.http.JsonHttpResponseCodec.reconstructValue(JsonHttpResponseCodec.java:40)
at org.openqa.selenium.remote.http.AbstractHttpResponseCodec.decode(AbstractHttpResponseCodec.java:80)
at org.openqa.selenium.remote.http.AbstractHttpResponseCodec.decode(AbstractHttpResponseCodec.java:44)
at org.openqa.selenium.remote.HttpCommandExecutor.execute(HttpCommandExecutor.java:158)
at org.openqa.selenium.remote.service.DriverCommandExecutor.execute(DriverCommandExecutor.java:83)
at org.openqa.selenium.remote.RemoteWebDriver.execute(RemoteWebDriver.java:548)
at org.openqa.selenium.remote.RemoteWebDriver.findElements(RemoteWebDriver.java:349)
at org.openqa.selenium.remote.RemoteWebDriver.findElementsByCssSelector(RemoteWebDriver.java:420)
at org.openqa.selenium.By$ByCssSelector.findElements(By.java:441)
at org.openqa.selenium.remote.RemoteWebDriver.findElements(RemoteWebDriver.java:310)
at org.openqa.selenium.remote.RemoteWebDriver$RemoteTargetLocator.frame(RemoteWebDriver.java:874)
at LendNation.QC_LendNation.CSRBorrowerRegistration.borrowerReg(CSRBorrowerRegistration.java:105)
at LendNation.QC_LendNation.QC_Store.middayDeposit(QC_Store.java:618)
... Removed 29 stack frames]]>
    </failure>
  </testcase> <!-- middayDeposit -->
  <testcase name="borrowregNewloan" time="0.0" classname="LendNation.QC_LendNation.QC_Store">
    <skipped/>
  </testcase> <!-- borrowregNewloan -->
  <testcase name="inactiveNewloan" time="0.0" classname="LendNation.QC_LendNation.QC_Store">
    <skipped/>
  </testcase> <!-- inactiveNewloan -->
  <testcase name="Achdeposit" time="0.0" classname="LendNation.QC_LendNation.QC_Store">
    <skipped/>
  </testcase> <!-- Achdeposit -->
  <testcase name="rescindloan" time="0.0" classname="LendNation.QC_LendNation.QC_Store">
    <skipped/>
  </testcase> <!-- rescindloan -->
  <testcase name="agerescindtest" time="0.0" classname="LendNation.QC_LendNation.QC_Store">
    <skipped/>
  </testcase> <!-- agerescindtest -->
  <testcase name="maxloanCount" time="0.0" classname="LendNation.QC_LendNation.QC_Store">
    <skipped/>
  </testcase> <!-- maxloanCount -->
  <testcase name="GracedaysMiddayDeposit" time="0.0" classname="LendNation.QC_LendNation.QC_Store">
    <skipped/>
  </testcase> <!-- GracedaysMiddayDeposit -->
  <testcase name="GracedaysDepositMenu" time="0.0" classname="LendNation.QC_LendNation.QC_Store">
    <skipped/>
  </testcase> <!-- GracedaysDepositMenu -->
  <testcase name="RefinanceStepup" time="0.0" classname="LendNation.QC_LendNation.QC_Store">
    <skipped/>
  </testcase> <!-- RefinanceStepup -->
  <testcase name="RefinanceStepSame" time="0.0" classname="LendNation.QC_LendNation.QC_Store">
    <skipped/>
  </testcase> <!-- RefinanceStepSame -->
  <testcase name="RefinanceStepupVoid" time="0.0" classname="LendNation.QC_LendNation.QC_Store">
    <skipped/>
  </testcase> <!-- RefinanceStepupVoid -->
  <testcase name="RefinanceStepSameVoid" time="0.0" classname="LendNation.QC_LendNation.QC_Store">
    <skipped/>
  </testcase> <!-- RefinanceStepSameVoid -->
  <testcase name="futureMidayDeposit" time="0.0" classname="LendNation.QC_LendNation.QC_Store">
    <skipped/>
  </testcase> <!-- futureMidayDeposit -->
  <testcase name="rebateStepup" time="0.0" classname="LendNation.QC_LendNation.QC_Store">
    <skipped/>
  </testcase> <!-- rebateStepup -->
  <testcase name="rebateStepupVoid" time="0.0" classname="LendNation.QC_LendNation.QC_Store">
    <skipped/>
  </testcase> <!-- rebateStepupVoid -->
  <testcase name="QC_EPPDeposit" time="0.0" classname="LendNation.QC_LendNation.QC_Store">
    <skipped/>
  </testcase> <!-- QC_EPPDeposit -->
  <testcase name="QC_EPP_Prepayment" time="0.0" classname="LendNation.QC_LendNation.QC_Store">
    <skipped/>
  </testcase> <!-- QC_EPP_Prepayment -->
  <testcase name="QC_EPP_clear" time="0.0" classname="LendNation.QC_LendNation.QC_Store">
    <skipped/>
  </testcase> <!-- QC_EPP_clear -->
  <testcase name="QC_EPP_refund" time="0.0" classname="LendNation.QC_LendNation.QC_Store">
    <skipped/>
  </testcase> <!-- QC_EPP_refund -->
  <testcase name="QC_EPP_Return" time="0.0" classname="LendNation.QC_LendNation.QC_Store">
    <skipped/>
  </testcase> <!-- QC_EPP_Return -->
  <testcase name="QC_EPP_nsfPayment" time="0.0" classname="LendNation.QC_LendNation.QC_Store">
    <skipped/>
  </testcase> <!-- QC_EPP_nsfPayment -->
  <testcase name="QC_EPP_Redeposit" time="0.0" classname="LendNation.QC_LendNation.QC_Store">
    <skipped/>
  </testcase> <!-- QC_EPP_Redeposit -->
</testsuite> <!-- Test -->
