<?xml version="1.0" encoding="UTF-8"?>
<!-- Generated by org.testng.reporters.JUnitReportReporter -->
<testsuite skipped="22" hostname="qtlsys0-105pc" name="LendNation.QC_LendNation.QC_Store" tests="23" failures="0" timestamp="05 Feb 2019 07:11:09 GMT" time="7.059" errors="1">
  <testcase name="borrowregNewloan" time="7.059" classname="LendNation.QC_LendNation.QC_Store">
    <error type="org.openqa.selenium.StaleElementReferenceException" message="Element is no longer valid (WARNING: The server did not provide any stacktrace information)
Command duration or timeout: 0 milliseconds
For documentation on this error, please visit: http://seleniumhq.org/exceptions/stale_element_reference.html
Build info: version: &#039;3.14.0&#039;, revision: &#039;aacccce0&#039;, time: &#039;2018-08-02T20:19:58.91Z&#039;
System info: host: &#039;QTLSYS0-105PC&#039;, ip: &#039;192.168.0.105&#039;, os.name: &#039;Windows 10&#039;, os.arch: &#039;amd64&#039;, os.version: &#039;10.0&#039;, java.version: &#039;1.8.0_171&#039;
Driver info: org.openqa.selenium.ie.InternetExplorerDriver
Capabilities {browserAttachTimeout: 0, browserName: internet explorer, cssSelectorsEnabled: true, elementScrollBehavior: 0, enableElementCacheCleanup: true, enablePersistentHover: true, handlesAlerts: true, ie.browserCommandLineSwitches: , ie.ensureCleanSession: false, ie.forceCreateProcessApi: false, ie.usePerProcessProxy: false, ignoreProtectedModeSettings: false, ignoreZoomSetting: false, initialBrowserUrl: http://localhost:9208/, javascriptEnabled: true, nativeEvents: true, platform: WINDOWS, platformName: WINDOWS, requireWindowFocus: false, takesScreenshot: true, unexpectedAlertBehaviour: dismiss, unhandledPromptBehavior: dismiss, version: 11}
Session ID: 2d0991b5-9468-4cfa-ab96-12becd628cb0">
      <![CDATA[org.openqa.selenium.StaleElementReferenceException: Element is no longer valid (WARNING: The server did not provide any stacktrace information)
Command duration or timeout: 0 milliseconds
For documentation on this error, please visit: http://seleniumhq.org/exceptions/stale_element_reference.html
Build info: version: '3.14.0', revision: 'aacccce0', time: '2018-08-02T20:19:58.91Z'
System info: host: 'QTLSYS0-105PC', ip: '192.168.0.105', os.name: 'Windows 10', os.arch: 'amd64', os.version: '10.0', java.version: '1.8.0_171'
Driver info: org.openqa.selenium.ie.InternetExplorerDriver
Capabilities {browserAttachTimeout: 0, browserName: internet explorer, cssSelectorsEnabled: true, elementScrollBehavior: 0, enableElementCacheCleanup: true, enablePersistentHover: true, handlesAlerts: true, ie.browserCommandLineSwitches: , ie.ensureCleanSession: false, ie.forceCreateProcessApi: false, ie.usePerProcessProxy: false, ignoreProtectedModeSettings: false, ignoreZoomSetting: false, initialBrowserUrl: http://localhost:9208/, javascriptEnabled: true, nativeEvents: true, platform: WINDOWS, platformName: WINDOWS, requireWindowFocus: false, takesScreenshot: true, unexpectedAlertBehaviour: dismiss, unhandledPromptBehavior: dismiss, version: 11}
Session ID: 2d0991b5-9468-4cfa-ab96-12becd628cb0
at sun.reflect.NativeConstructorAccessorImpl.newInstance0(Native Method)
at sun.reflect.NativeConstructorAccessorImpl.newInstance(NativeConstructorAccessorImpl.java:62)
at sun.reflect.DelegatingConstructorAccessorImpl.newInstance(DelegatingConstructorAccessorImpl.java:45)
at java.lang.reflect.Constructor.newInstance(Constructor.java:423)
at org.openqa.selenium.remote.ErrorHandler.createThrowable(ErrorHandler.java:214)
at org.openqa.selenium.remote.ErrorHandler.throwIfResponseFailed(ErrorHandler.java:166)
at org.openqa.selenium.remote.http.JsonHttpResponseCodec.reconstructValue(JsonHttpResponseCodec.java:40)
at org.openqa.selenium.remote.http.AbstractHttpResponseCodec.decode(AbstractHttpResponseCodec.java:80)
at org.openqa.selenium.remote.http.AbstractHttpResponseCodec.decode(AbstractHttpResponseCodec.java:44)
at org.openqa.selenium.remote.HttpCommandExecutor.execute(HttpCommandExecutor.java:158)
at org.openqa.selenium.remote.service.DriverCommandExecutor.execute(DriverCommandExecutor.java:83)
at org.openqa.selenium.remote.RemoteWebDriver.execute(RemoteWebDriver.java:548)
at org.openqa.selenium.remote.RemoteWebElement.execute(RemoteWebElement.java:276)
at org.openqa.selenium.remote.RemoteWebElement.getText(RemoteWebElement.java:160)
at LendNation.QC_LendNation.CSRBorrowerRegistration.borrowerReg(CSRBorrowerRegistration.java:106)
at LendNation.QC_LendNation.QC_Store.borrowregNewloan(QC_Store.java:418)
at sun.reflect.NativeMethodAccessorImpl.invoke0(Native Method)
at sun.reflect.NativeMethodAccessorImpl.invoke(NativeMethodAccessorImpl.java:62)
at sun.reflect.DelegatingMethodAccessorImpl.invoke(DelegatingMethodAccessorImpl.java:43)
at java.lang.reflect.Method.invoke(Method.java:498)
at org.testng.internal.MethodInvocationHelper.invokeMethod(MethodInvocationHelper.java:124)
at org.testng.internal.Invoker.invokeMethod(Invoker.java:580)
at org.testng.internal.Invoker.invokeTestMethod(Invoker.java:716)
at org.testng.internal.Invoker.invokeTestMethods(Invoker.java:988)
at org.testng.internal.TestMethodWorker.invokeTestMethods(TestMethodWorker.java:125)
at org.testng.internal.TestMethodWorker.run(TestMethodWorker.java:109)
at org.testng.TestRunner.privateRun(TestRunner.java:648)
at org.testng.TestRunner.run(TestRunner.java:505)
at org.testng.SuiteRunner.runTest(SuiteRunner.java:455)
at org.testng.SuiteRunner.runSequentially(SuiteRunner.java:450)
at org.testng.SuiteRunner.privateRun(SuiteRunner.java:415)
at org.testng.SuiteRunner.run(SuiteRunner.java:364)
at org.testng.SuiteRunnerWorker.runSuite(SuiteRunnerWorker.java:52)
at org.testng.SuiteRunnerWorker.run(SuiteRunnerWorker.java:84)
at org.testng.TestNG.runSuitesSequentially(TestNG.java:1208)
at org.testng.TestNG.runSuitesLocally(TestNG.java:1137)
at org.testng.TestNG.runSuites(TestNG.java:1049)
at org.testng.TestNG.run(TestNG.java:1017)
at org.testng.remote.AbstractRemoteTestNG.run(AbstractRemoteTestNG.java:114)
at org.testng.remote.RemoteTestNG.initAndRun(RemoteTestNG.java:251)
at org.testng.remote.RemoteTestNG.main(RemoteTestNG.java:77)
]]>
    </error>
  </testcase> <!-- borrowregNewloan -->
  <testcase name="Achdeposit" classname="LendNation.QC_LendNation.QC_Store">
    <skipped/>
  </testcase> <!-- Achdeposit -->
  <testcase name="rebateStepup" classname="LendNation.QC_LendNation.QC_Store">
    <skipped/>
  </testcase> <!-- rebateStepup -->
  <testcase name="QC_EPP_Prepayment" classname="LendNation.QC_LendNation.QC_Store">
    <skipped/>
  </testcase> <!-- QC_EPP_Prepayment -->
  <testcase name="agerescindtest" classname="LendNation.QC_LendNation.QC_Store">
    <skipped/>
  </testcase> <!-- agerescindtest -->
  <testcase name="QC_EPP_Redeposit" classname="LendNation.QC_LendNation.QC_Store">
    <skipped/>
  </testcase> <!-- QC_EPP_Redeposit -->
  <testcase name="RefinanceStepSame" classname="LendNation.QC_LendNation.QC_Store">
    <skipped/>
  </testcase> <!-- RefinanceStepSame -->
  <testcase name="QC_EPPDeposit" classname="LendNation.QC_LendNation.QC_Store">
    <skipped/>
  </testcase> <!-- QC_EPPDeposit -->
  <testcase name="QC_EPP_Return" classname="LendNation.QC_LendNation.QC_Store">
    <skipped/>
  </testcase> <!-- QC_EPP_Return -->
  <testcase name="maxloanCount" classname="LendNation.QC_LendNation.QC_Store">
    <skipped/>
  </testcase> <!-- maxloanCount -->
  <testcase name="rebateStepupVoid" classname="LendNation.QC_LendNation.QC_Store">
    <skipped/>
  </testcase> <!-- rebateStepupVoid -->
  <testcase name="RefinanceStepup" classname="LendNation.QC_LendNation.QC_Store">
    <skipped/>
  </testcase> <!-- RefinanceStepup -->
  <testcase name="QC_EPP_clear" classname="LendNation.QC_LendNation.QC_Store">
    <skipped/>
  </testcase> <!-- QC_EPP_clear -->
  <testcase name="rescindloan" classname="LendNation.QC_LendNation.QC_Store">
    <skipped/>
  </testcase> <!-- rescindloan -->
  <testcase name="GracedaysMiddayDeposit" classname="LendNation.QC_LendNation.QC_Store">
    <skipped/>
  </testcase> <!-- GracedaysMiddayDeposit -->
  <testcase name="RefinanceStepupVoid" classname="LendNation.QC_LendNation.QC_Store">
    <skipped/>
  </testcase> <!-- RefinanceStepupVoid -->
  <testcase name="QC_EPP_refund" classname="LendNation.QC_LendNation.QC_Store">
    <skipped/>
  </testcase> <!-- QC_EPP_refund -->
  <testcase name="QC_EPP_nsfPayment" classname="LendNation.QC_LendNation.QC_Store">
    <skipped/>
  </testcase> <!-- QC_EPP_nsfPayment -->
  <testcase name="RefinanceStepSameVoid" classname="LendNation.QC_LendNation.QC_Store">
    <skipped/>
  </testcase> <!-- RefinanceStepSameVoid -->
  <testcase name="futureMidayDeposit" classname="LendNation.QC_LendNation.QC_Store">
    <skipped/>
  </testcase> <!-- futureMidayDeposit -->
  <testcase name="GracedaysDepositMenu" classname="LendNation.QC_LendNation.QC_Store">
    <skipped/>
  </testcase> <!-- GracedaysDepositMenu -->
  <testcase name="inactiveNewloan" classname="LendNation.QC_LendNation.QC_Store">
    <skipped/>
  </testcase> <!-- inactiveNewloan -->
  <testcase name="middayDeposit" classname="LendNation.QC_LendNation.QC_Store">
    <skipped/>
  </testcase> <!-- middayDeposit -->
</testsuite> <!-- LendNation.QC_LendNation.QC_Store -->
